# JRE version: OpenJDK Runtime Environment Microsoft-25199 (11.0.12+7) (build 11.0.12+7)
# Java VM: OpenJDK 64-Bit Server VM Microsoft-25199 (11.0.12+7, mixed mode, tiered, compressed oops, g1 gc, windows-amd64)
Heap:
 garbage-first heap   total 416768K, used 217088K [0x00000000c0000000, 0x0000000100000000)
  region size 1024K, 31 young (31744K), 3 survivors (3072K)
 Metaspace       used 16720K, capacity 17011K, committed 17280K, reserved 1064960K
  class space    used 1715K, capacity 1861K, committed 1920K, reserved 1048576K
GC Heap History (20 events):
Event: 8.110 GC heap before
{Heap before GC invocations=7 (full 0):
 garbage-first heap   total 258048K, used 113664K [0x00000000c0000000, 0x0000000100000000)
  region size 1024K, 50 young (51200K), 6 survivors (6144K)
 Metaspace       used 13317K, capacity 13539K, committed 13696K, reserved 1060864K
  class space    used 1314K, capacity 1397K, committed 1408K, reserved 1048576K
}
Event: 8.143 GC heap after
{Heap after GC invocations=8 (full 0):
 garbage-first heap   total 258048K, used 80896K [0x00000000c0000000, 0x0000000100000000)
  region size 1024K, 7 young (7168K), 7 survivors (7168K)
 Metaspace       used 13317K, capacity 13539K, committed 13696K, reserved 1060864K
  class space    used 1314K, capacity 1397K, committed 1408K, reserved 1048576K
}
Event: 8.191 GC heap before
{Heap before GC invocations=8 (full 0):
 garbage-first heap   total 258048K, used 94208K [0x00000000c0000000, 0x0000000100000000)
  region size 1024K, 20 young (20480K), 7 survivors (7168K)
 Metaspace       used 13349K, capacity 13544K, committed 13696K, reserved 1060864K
  class space    used 1314K, capacity 1397K, committed 1408K, reserved 1048576K
}
Event: 8.217 GC heap after
{Heap after GC invocations=9 (full 0):
 garbage-first heap   total 258048K, used 84992K [0x00000000c0000000, 0x0000000100000000)
  region size 1024K, 3 young (3072K), 3 survivors (3072K)
 Metaspace       used 13349K, capacity 13544K, committed 13696K, reserved 1060864K
  class space    used 1314K, capacity 1397K, committed 1408K, reserved 1048576K
}
Event: 8.468 GC heap before
{Heap before GC invocations=9 (full 0):
 garbage-first heap   total 258048K, used 148480K [0x00000000c0000000, 0x0000000100000000)
  region size 1024K, 62 young (63488K), 3 survivors (3072K)
 Metaspace       used 13373K, capacity 13547K, committed 13696K, reserved 1060864K
  class space    used 1314K, capacity 1397K, committed 1408K, reserved 1048576K
}
Event: 8.507 GC heap after
{Heap after GC invocations=10 (full 0):
 garbage-first heap   total 258048K, used 101376K [0x00000000c0000000, 0x0000000100000000)
  region size 1024K, 8 young (8192K), 8 survivors (8192K)
 Metaspace       used 13373K, capacity 13547K, committed 13696K, reserved 1060864K
  class space    used 1314K, capacity 1397K, committed 1408K, reserved 1048576K
}
Event: 8.833 GC heap before
{Heap before GC invocations=10 (full 0):
 garbage-first heap   total 258048K, used 145408K [0x00000000c0000000, 0x0000000100000000)
  region size 1024K, 50 young (51200K), 8 survivors (8192K)
 Metaspace       used 14675K, capacity 14931K, committed 15232K, reserved 1062912K
  class space    used 1509K, capacity 1604K, committed 1664K, reserved 1048576K
}
Event: 8.883 GC heap after
{Heap after GC invocations=11 (full 0):
 garbage-first heap   total 258048K, used 112275K [0x00000000c0000000, 0x0000000100000000)
  region size 1024K, 7 young (7168K), 7 survivors (7168K)
 Metaspace       used 14675K, capacity 14931K, committed 15232K, reserved 1062912K
  class space    used 1509K, capacity 1604K, committed 1664K, reserved 1048576K
}
Event: 9.127 GC heap before
{Heap before GC invocations=11 (full 0):
 garbage-first heap   total 258048K, used 167571K [0x00000000c0000000, 0x0000000100000000)
  region size 1024K, 61 young (62464K), 7 survivors (7168K)
 Metaspace       used 14993K, capacity 15224K, committed 15488K, reserved 1062912K
  class space    used 1539K, capacity 1636K, committed 1664K, reserved 1048576K
}
Event: 9.164 GC heap after
{Heap after GC invocations=12 (full 0):
 garbage-first heap   total 258048K, used 123504K [0x00000000c0000000, 0x0000000100000000)
  region size 1024K, 8 young (8192K), 8 survivors (8192K)
 Metaspace       used 14993K, capacity 15224K, committed 15488K, reserved 1062912K
  class space    used 1539K, capacity 1636K, committed 1664K, reserved 1048576K
}
Event: 9.302 GC heap before
{Heap before GC invocations=12 (full 0):
 garbage-first heap   total 258048K, used 177776K [0x00000000c0000000, 0x0000000100000000)
  region size 1024K, 61 young (62464K), 8 survivors (8192K)
 Metaspace       used 14998K, capacity 15224K, committed 15488K, reserved 1062912K
  class space    used 1539K, capacity 1636K, committed 1664K, reserved 1048576K
}
Event: 9.331 GC heap after
{Heap after GC invocations=13 (full 0):
 garbage-first heap   total 258048K, used 135474K [0x00000000c0000000, 0x0000000100000000)
  region size 1024K, 8 young (8192K), 8 survivors (8192K)
 Metaspace       used 14998K, capacity 15224K, committed 15488K, reserved 1062912K
  class space    used 1539K, capacity 1636K, committed 1664K, reserved 1048576K
}
Event: 9.450 GC heap before
{Heap before GC invocations=13 (full 0):
 garbage-first heap   total 258048K, used 187698K [0x00000000c0000000, 0x0000000100000000)
  region size 1024K, 59 young (60416K), 8 survivors (8192K)
 Metaspace       used 14999K, capacity 15224K, committed 15488K, reserved 1062912K
  class space    used 1539K, capacity 1636K, committed 1664K, reserved 1048576K
}
Event: 9.484 GC heap after
{Heap after GC invocations=14 (full 0):
 garbage-first heap   total 416768K, used 145408K [0x00000000c0000000, 0x0000000100000000)
  region size 1024K, 8 young (8192K), 8 survivors (8192K)
 Metaspace       used 14999K, capacity 15224K, committed 15488K, reserved 1062912K
  class space    used 1539K, capacity 1636K, committed 1664K, reserved 1048576K
}
Event: 9.788 GC heap before
{Heap before GC invocations=14 (full 0):
 garbage-first heap   total 416768K, used 244736K [0x00000000c0000000, 0x0000000100000000)
  region size 1024K, 105 young (107520K), 8 survivors (8192K)
 Metaspace       used 15136K, capacity 15417K, committed 15488K, reserved 1062912K
  class space    used 1541K, capacity 1636K, committed 1664K, reserved 1048576K
}
Event: 9.841 GC heap after
{Heap after GC invocations=15 (full 0):
 garbage-first heap   total 416768K, used 164864K [0x00000000c0000000, 0x0000000100000000)
  region size 1024K, 14 young (14336K), 14 survivors (14336K)
 Metaspace       used 15136K, capacity 15417K, committed 15488K, reserved 1062912K
  class space    used 1541K, capacity 1636K, committed 1664K, reserved 1048576K
}
Event: 10.549 GC heap before
{Heap before GC invocations=16 (full 0):
 garbage-first heap   total 416768K, used 268288K [0x00000000c0000000, 0x0000000100000000)
  region size 1024K, 115 young (117760K), 14 survivors (14336K)
 Metaspace       used 16718K, capacity 17011K, committed 17280K, reserved 1064960K
  class space    used 1715K, capacity 1861K, committed 1920K, reserved 1048576K
}
Event: 10.595 GC heap after
{Heap after GC invocations=17 (full 0):
 garbage-first heap   total 416768K, used 185644K [0x00000000c0000000, 0x0000000100000000)
  region size 1024K, 15 young (15360K), 15 survivors (15360K)
 Metaspace       used 16718K, capacity 17011K, committed 17280K, reserved 1064960K
  class space    used 1715K, capacity 1861K, committed 1920K, reserved 1048576K
}
Event: 10.620 GC heap before
{Heap before GC invocations=17 (full 0):
 garbage-first heap   total 416768K, used 190764K [0x00000000c0000000, 0x0000000100000000)
  region size 1024K, 20 young (20480K), 15 survivors (15360K)
 Metaspace       used 16720K, capacity 17011K, committed 17280K, reserved 1064960K
  class space    used 1715K, capacity 1861K, committed 1920K, reserved 1048576K
}
Event: 10.641 GC heap after
{Heap after GC invocations=18 (full 0):
 garbage-first heap   total 416768K, used 189440K [0x00000000c0000000, 0x0000000100000000)
  region size 1024K, 3 young (3072K), 3 survivors (3072K)
 Metaspace       used 16720K, capacity 17011K, committed 17280K, reserved 1064960K
  class space    used 1715K, capacity 1861K, committed 1920K, reserved 1048576K
}

