# JRE version: OpenJDK Runtime Environment Microsoft-25199 (11.0.12+7) (build 11.0.12+7)
# Java VM: OpenJDK 64-Bit Server VM Microsoft-25199 (11.0.12+7, mixed mode, tiered, compressed oops, g1 gc, windows-amd64)
Heap:
 garbage-first heap   total 440320K, used 175533K [0x00000000c0000000, 0x0000000100000000)
  region size 1024K, 11 young (11264K), 11 survivors (11264K)
 Metaspace       used 16760K, capacity 17094K, committed 17408K, reserved 1064960K
  class space    used 1747K, capacity 1921K, committed 2048K, reserved 1048576K
GC Heap History (20 events):
Event: 2.963 GC heap after
{Heap after GC invocations=4 (full 0):
 garbage-first heap   total 258048K, used 26941K [0x00000000c0000000, 0x0000000100000000)
  region size 1024K, 5 young (5120K), 5 survivors (5120K)
 Metaspace       used 11437K, capacity 11608K, committed 11648K, reserved 1060864K
  class space    used 1098K, capacity 1145K, committed 1152K, reserved 1048576K
}
Event: 3.368 GC heap before
{Heap before GC invocations=4 (full 0):
 garbage-first heap   total 258048K, used 81213K [0x00000000c0000000, 0x0000000100000000)
  region size 1024K, 58 young (59392K), 5 survivors (5120K)
 Metaspace       used 11442K, capacity 11608K, committed 11648K, reserved 1060864K
  class space    used 1098K, capacity 1145K, committed 1152K, reserved 1048576K
}
Event: 3.375 GC heap after
{Heap after GC invocations=5 (full 0):
 garbage-first heap   total 258048K, used 38522K [0x00000000c0000000, 0x0000000100000000)
  region size 1024K, 8 young (8192K), 8 survivors (8192K)
 Metaspace       used 11442K, capacity 11608K, committed 11648K, reserved 1060864K
  class space    used 1098K, capacity 1145K, committed 1152K, reserved 1048576K
}
Event: 4.146 GC heap before
{Heap before GC invocations=5 (full 0):
 garbage-first heap   total 258048K, used 112250K [0x00000000c0000000, 0x0000000100000000)
  region size 1024K, 81 young (82944K), 8 survivors (8192K)
 Metaspace       used 13328K, capacity 13544K, committed 13696K, reserved 1060864K
  class space    used 1312K, capacity 1397K, committed 1408K, reserved 1048576K
}
Event: 4.176 GC heap after
{Heap after GC invocations=6 (full 0):
 garbage-first heap   total 258048K, used 57344K [0x00000000c0000000, 0x0000000100000000)
  region size 1024K, 11 young (11264K), 11 survivors (11264K)
 Metaspace       used 13328K, capacity 13544K, committed 13696K, reserved 1060864K
  class space    used 1312K, capacity 1397K, committed 1408K, reserved 1048576K
}
Event: 4.490 GC heap before
{Heap before GC invocations=6 (full 0):
 garbage-first heap   total 258048K, used 117760K [0x00000000c0000000, 0x0000000100000000)
  region size 1024K, 70 young (71680K), 11 survivors (11264K)
 Metaspace       used 13365K, capacity 13608K, committed 13696K, reserved 1060864K
  class space    used 1314K, capacity 1397K, committed 1408K, reserved 1048576K
}
Event: 4.530 GC heap after
{Heap after GC invocations=7 (full 0):
 garbage-first heap   total 258048K, used 70478K [0x00000000c0000000, 0x0000000100000000)
  region size 1024K, 9 young (9216K), 9 survivors (9216K)
 Metaspace       used 13365K, capacity 13608K, committed 13696K, reserved 1060864K
  class space    used 1314K, capacity 1397K, committed 1408K, reserved 1048576K
}
Event: 4.801 GC heap before
{Heap before GC invocations=7 (full 0):
 garbage-first heap   total 258048K, used 130894K [0x00000000c0000000, 0x0000000100000000)
  region size 1024K, 68 young (69632K), 9 survivors (9216K)
 Metaspace       used 13388K, capacity 13611K, committed 13696K, reserved 1060864K
  class space    used 1314K, capacity 1397K, committed 1408K, reserved 1048576K
}
Event: 4.846 GC heap after
{Heap after GC invocations=8 (full 0):
 garbage-first heap   total 258048K, used 84992K [0x00000000c0000000, 0x0000000100000000)
  region size 1024K, 9 young (9216K), 9 survivors (9216K)
 Metaspace       used 13388K, capacity 13611K, committed 13696K, reserved 1060864K
  class space    used 1314K, capacity 1397K, committed 1408K, reserved 1048576K
}
Event: 5.184 GC heap before
{Heap before GC invocations=8 (full 0):
 garbage-first heap   total 258048K, used 111616K [0x00000000c0000000, 0x0000000100000000)
  region size 1024K, 33 young (33792K), 9 survivors (9216K)
 Metaspace       used 13388K, capacity 13611K, committed 13696K, reserved 1060864K
  class space    used 1314K, capacity 1397K, committed 1408K, reserved 1048576K
}
Event: 5.223 GC heap after
{Heap after GC invocations=9 (full 0):
 garbage-first heap   total 258048K, used 93619K [0x00000000c0000000, 0x0000000100000000)
  region size 1024K, 5 young (5120K), 5 survivors (5120K)
 Metaspace       used 13388K, capacity 13611K, committed 13696K, reserved 1060864K
  class space    used 1314K, capacity 1397K, committed 1408K, reserved 1048576K
}
Event: 5.511 GC heap before
{Heap before GC invocations=9 (full 0):
 garbage-first heap   total 258048K, used 160179K [0x00000000c0000000, 0x0000000100000000)
  region size 1024K, 68 young (69632K), 5 survivors (5120K)
 Metaspace       used 13389K, capacity 13611K, committed 13696K, reserved 1060864K
  class space    used 1314K, capacity 1397K, committed 1408K, reserved 1048576K
}
Event: 5.561 GC heap after
{Heap after GC invocations=10 (full 0):
 garbage-first heap   total 323584K, used 110243K [0x00000000c0000000, 0x0000000100000000)
  region size 1024K, 9 young (9216K), 9 survivors (9216K)
 Metaspace       used 13389K, capacity 13611K, committed 13696K, reserved 1060864K
  class space    used 1314K, capacity 1397K, committed 1408K, reserved 1048576K
}
Event: 6.347 GC heap before
{Heap before GC invocations=10 (full 0):
 garbage-first heap   total 323584K, used 191139K [0x00000000c0000000, 0x0000000100000000)
  region size 1024K, 88 young (90112K), 9 survivors (9216K)
 Metaspace       used 15007K, capacity 15224K, committed 15488K, reserved 1062912K
  class space    used 1539K, capacity 1636K, committed 1664K, reserved 1048576K
}
Event: 6.408 GC heap after
{Heap after GC invocations=11 (full 0):
 garbage-first heap   total 323584K, used 125952K [0x00000000c0000000, 0x0000000100000000)
  region size 1024K, 11 young (11264K), 11 survivors (11264K)
 Metaspace       used 15007K, capacity 15224K, committed 15488K, reserved 1062912K
  class space    used 1539K, capacity 1636K, committed 1664K, reserved 1048576K
}
Event: 6.717 GC heap before
{Heap before GC invocations=11 (full 0):
 garbage-first heap   total 323584K, used 207872K [0x00000000c0000000, 0x0000000100000000)
  region size 1024K, 91 young (93184K), 11 survivors (11264K)
 Metaspace       used 15010K, capacity 15288K, committed 15488K, reserved 1062912K
  class space    used 1539K, capacity 1636K, committed 1664K, reserved 1048576K
}
Event: 6.761 GC heap after
{Heap after GC invocations=12 (full 0):
 garbage-first heap   total 323584K, used 143024K [0x00000000c0000000, 0x0000000100000000)
  region size 1024K, 12 young (12288K), 12 survivors (12288K)
 Metaspace       used 15010K, capacity 15288K, committed 15488K, reserved 1062912K
  class space    used 1539K, capacity 1636K, committed 1664K, reserved 1048576K
}
Event: 7.084 GC heap before
{Heap before GC invocations=12 (full 0):
 garbage-first heap   total 323584K, used 222896K [0x00000000c0000000, 0x0000000100000000)
  region size 1024K, 90 young (92160K), 12 survivors (12288K)
 Metaspace       used 15012K, capacity 15289K, committed 15488K, reserved 1062912K
  class space    used 1539K, capacity 1636K, committed 1664K, reserved 1048576K
}
Event: 7.128 GC heap after
{Heap after GC invocations=13 (full 0):
 garbage-first heap   total 323584K, used 159744K [0x00000000c0000000, 0x0000000100000000)
  region size 1024K, 12 young (12288K), 12 survivors (12288K)
 Metaspace       used 15012K, capacity 15289K, committed 15488K, reserved 1062912K
  class space    used 1539K, capacity 1636K, committed 1664K, reserved 1048576K
}
Event: 7.653 GC heap before
{Heap before GC invocations=13 (full 0):
 garbage-first heap   total 323584K, used 234496K [0x00000000c0000000, 0x0000000100000000)
  region size 1024K, 85 young (87040K), 12 survivors (12288K)
 Metaspace       used 16760K, capacity 17094K, committed 17408K, reserved 1064960K
  class space    used 1747K, capacity 1921K, committed 2048K, reserved 1048576K
}

